[     199ms] [LOG] [Fast Refresh] rebuilding @ http://localhost:3010/_next/static/chunks/1qz5_next_dist_1ivsyfq._.js:2489
[     214ms] [LOG] [Fast Refresh] done in 116ms @ http://localhost:3010/_next/static/chunks/1qz5_next_dist_1ivsyfq._.js:2489
[     511ms] [INFO] %cDownload the React DevTools for a better development experience: https://react.dev/link/react-devtools font-weight:bold @ http://localhost:3010/_next/static/chunks/1qz5_next_dist_1ivsyfq._.js:2489
[     520ms] [LOG] [HMR] connected @ http://localhost:3010/_next/static/chunks/1qz5_next_dist_1ivsyfq._.js:2489
[    7893ms] [LOG] [Fast Refresh] rebuilding @ http://localhost:3010/_next/static/chunks/1qz5_next_dist_1ivsyfq._.js:2489
[    8297ms] [LOG] [Fast Refresh] done in 506ms @ http://localhost:3010/_next/static/chunks/1qz5_next_dist_1ivsyfq._.js:2489
[    8415ms] [LOG] [Fast Refresh] rebuilding @ http://localhost:3010/_next/static/chunks/1qz5_next_dist_1ivsyfq._.js:2489
[    8434ms] [LOG] [Fast Refresh] done in 120ms @ http://localhost:3010/_next/static/chunks/1qz5_next_dist_1ivsyfq._.js:2489
[   13346ms] [ERROR] WebSocket connection to 'ws://localhost:3010/_next/webpack-hmr?id=vABiIZh9U4rbNaLQmn2I8' failed: Error in connection establishment: net::ERR_CONNECTION_REFUSED @ http://localhost:3010/_next/static/chunks/1qz5_next_dist_client_0q01zog._.js:13422
[   14348ms] [ERROR] WebSocket connection to 'ws://localhost:3010/_next/webpack-hmr?id=vABiIZh9U4rbNaLQmn2I8' failed: Error in connection establishment: net::ERR_CONNECTION_REFUSED @ http://localhost:3010/_next/static/chunks/1qz5_next_dist_client_0q01zog._.js:13422
[   15350ms] [ERROR] WebSocket connection to 'ws://localhost:3010/_next/webpack-hmr?id=vABiIZh9U4rbNaLQmn2I8' failed: Error in connection establishment: net::ERR_CONNECTION_REFUSED @ http://localhost:3010/_next/static/chunks/1qz5_next_dist_client_0q01zog._.js:13422
[   16357ms] [ERROR] WebSocket connection to 'ws://localhost:3010/_next/webpack-hmr?id=vABiIZh9U4rbNaLQmn2I8' failed: Error in connection establishment: net::ERR_CONNECTION_REFUSED @ http://localhost:3010/_next/static/chunks/1qz5_next_dist_client_0q01zog._.js:13422
[   17361ms] [ERROR] WebSocket connection to 'ws://localhost:3010/_next/webpack-hmr?id=vABiIZh9U4rbNaLQmn2I8' failed: Error in connection establishment: net::ERR_CONNECTION_REFUSED @ http://localhost:3010/_next/static/chunks/1qz5_next_dist_client_0q01zog._.js:13422
[   22364ms] [ERROR] WebSocket connection to 'ws://localhost:3010/_next/webpack-hmr?id=vABiIZh9U4rbNaLQmn2I8' failed: Error in connection establishment: net::ERR_CONNECTION_REFUSED @ http://localhost:3010/_next/static/chunks/1qz5_next_dist_client_0q01zog._.js:13422
[   27369ms] [ERROR] WebSocket connection to 'ws://localhost:3010/_next/webpack-hmr?id=vABiIZh9U4rbNaLQmn2I8' failed: Error in connection establishment: net::ERR_CONNECTION_REFUSED @ http://localhost:3010/_next/static/chunks/1qz5_next_dist_client_0q01zog._.js:13422
[   32374ms] [ERROR] WebSocket connection to 'ws://localhost:3010/_next/webpack-hmr?id=vABiIZh9U4rbNaLQmn2I8' failed: Error in connection establishment: net::ERR_CONNECTION_REFUSED @ http://localhost:3010/_next/static/chunks/1qz5_next_dist_client_0q01zog._.js:13422
[   37384ms] [ERROR] WebSocket connection to 'ws://localhost:3010/_next/webpack-hmr?id=vABiIZh9U4rbNaLQmn2I8' failed: Error in connection establishment: net::ERR_CONNECTION_REFUSED @ http://localhost:3010/_next/static/chunks/1qz5_next_dist_client_0q01zog._.js:13422
[   42391ms] [ERROR] WebSocket connection to 'ws://localhost:3010/_next/webpack-hmr?id=vABiIZh9U4rbNaLQmn2I8' failed: Error in connection establishment: net::ERR_CONNECTION_REFUSED @ http://localhost:3010/_next/static/chunks/1qz5_next_dist_client_0q01zog._.js:13422
[   47403ms] [ERROR] WebSocket connection to 'ws://localhost:3010/_next/webpack-hmr?id=vABiIZh9U4rbNaLQmn2I8' failed: Error in connection establishment: net::ERR_CONNECTION_REFUSED @ http://localhost:3010/_next/static/chunks/1qz5_next_dist_client_0q01zog._.js:13422
[   52413ms] [ERROR] WebSocket connection to 'ws://localhost:3010/_next/webpack-hmr?id=vABiIZh9U4rbNaLQmn2I8' failed: Error in connection establishment: net::ERR_CONNECTION_REFUSED @ http://localhost:3010/_next/static/chunks/1qz5_next_dist_client_0q01zog._.js:13422
