[     193ms] [LOG] [Fast Refresh] rebuilding @ http://localhost:3010/_next/static/chunks/1qz5_next_dist_1ivsyfq._.js:2489
[    1518ms] [LOG] [Fast Refresh] done in 1426ms @ http://localhost:3010/_next/static/chunks/1qz5_next_dist_1ivsyfq._.js:2489
[    1808ms] [INFO] %cDownload the React DevTools for a better development experience: https://react.dev/link/react-devtools font-weight:bold @ http://localhost:3010/_next/static/chunks/1qz5_next_dist_1ivsyfq._.js:2489
[    1816ms] [LOG] [HMR] connected @ http://localhost:3010/_next/static/chunks/1qz5_next_dist_1ivsyfq._.js:2489
[    1948ms] [LOG] [Fast Refresh] rebuilding @ http://localhost:3010/_next/static/chunks/1qz5_next_dist_1ivsyfq._.js:2489
[    1979ms] [LOG] [Fast Refresh] done in 139ms @ http://localhost:3010/_next/static/chunks/1qz5_next_dist_1ivsyfq._.js:2489
[   11243ms] [ERROR] WebSocket connection to 'ws://localhost:3010/_next/webpack-hmr?id=mbl-T8URdrathFtu9VvGX' failed: Error in connection establishment: net::ERR_CONNECTION_REFUSED @ http://localhost:3010/_next/static/chunks/1qz5_next_dist_client_0q01zog._.js:13422
[   12246ms] [ERROR] WebSocket connection to 'ws://localhost:3010/_next/webpack-hmr?id=mbl-T8URdrathFtu9VvGX' failed: Error in connection establishment: net::ERR_CONNECTION_REFUSED @ http://localhost:3010/_next/static/chunks/1qz5_next_dist_client_0q01zog._.js:13422
[   13250ms] [ERROR] WebSocket connection to 'ws://localhost:3010/_next/webpack-hmr?id=mbl-T8URdrathFtu9VvGX' failed: Error in connection establishment: net::ERR_CONNECTION_REFUSED @ http://localhost:3010/_next/static/chunks/1qz5_next_dist_client_0q01zog._.js:13422
[   14252ms] [ERROR] WebSocket connection to 'ws://localhost:3010/_next/webpack-hmr?id=mbl-T8URdrathFtu9VvGX' failed: Error in connection establishment: net::ERR_CONNECTION_REFUSED @ http://localhost:3010/_next/static/chunks/1qz5_next_dist_client_0q01zog._.js:13422
[   15255ms] [ERROR] WebSocket connection to 'ws://localhost:3010/_next/webpack-hmr?id=mbl-T8URdrathFtu9VvGX' failed: Error in connection establishment: net::ERR_CONNECTION_REFUSED @ http://localhost:3010/_next/static/chunks/1qz5_next_dist_client_0q01zog._.js:13422
[   20266ms] [ERROR] WebSocket connection to 'ws://localhost:3010/_next/webpack-hmr?id=mbl-T8URdrathFtu9VvGX' failed: Error in connection establishment: net::ERR_CONNECTION_REFUSED @ http://localhost:3010/_next/static/chunks/1qz5_next_dist_client_0q01zog._.js:13422
[   25271ms] [ERROR] WebSocket connection to 'ws://localhost:3010/_next/webpack-hmr?id=mbl-T8URdrathFtu9VvGX' failed: Error in connection establishment: net::ERR_CONNECTION_REFUSED @ http://localhost:3010/_next/static/chunks/1qz5_next_dist_client_0q01zog._.js:13422
[   30275ms] [ERROR] WebSocket connection to 'ws://localhost:3010/_next/webpack-hmr?id=mbl-T8URdrathFtu9VvGX' failed: Error in connection establishment: net::ERR_CONNECTION_REFUSED @ http://localhost:3010/_next/static/chunks/1qz5_next_dist_client_0q01zog._.js:13422
[   35281ms] [ERROR] WebSocket connection to 'ws://localhost:3010/_next/webpack-hmr?id=mbl-T8URdrathFtu9VvGX' failed: Error in connection establishment: net::ERR_CONNECTION_REFUSED @ http://localhost:3010/_next/static/chunks/1qz5_next_dist_client_0q01zog._.js:13422
[   40284ms] [ERROR] WebSocket connection to 'ws://localhost:3010/_next/webpack-hmr?id=mbl-T8URdrathFtu9VvGX' failed: Error in connection establishment: net::ERR_CONNECTION_REFUSED @ http://localhost:3010/_next/static/chunks/1qz5_next_dist_client_0q01zog._.js:13422
[   45289ms] [ERROR] WebSocket connection to 'ws://localhost:3010/_next/webpack-hmr?id=mbl-T8URdrathFtu9VvGX' failed: Error in connection establishment: net::ERR_CONNECTION_REFUSED @ http://localhost:3010/_next/static/chunks/1qz5_next_dist_client_0q01zog._.js:13422
[   50291ms] [ERROR] WebSocket connection to 'ws://localhost:3010/_next/webpack-hmr?id=mbl-T8URdrathFtu9VvGX' failed: Error in connection establishment: net::ERR_CONNECTION_REFUSED @ http://localhost:3010/_next/static/chunks/1qz5_next_dist_client_0q01zog._.js:13422
[   86921ms] [INFO] %cDownload the React DevTools for a better development experience: https://react.dev/link/react-devtools font-weight:bold @ http://localhost:3010/_next/static/chunks/1qz5_next_dist_1ivsyfq._.js:2489
[   86965ms] [LOG] [HMR] connected @ http://localhost:3010/_next/static/chunks/1qz5_next_dist_1ivsyfq._.js:2489
[  734618ms] [ERROR] WebSocket connection to 'ws://localhost:3010/_next/webpack-hmr?id=Ijf5t55Z57SGBry5fh4Sr' failed: Error in connection establishment: net::ERR_CONNECTION_REFUSED @ http://localhost:3010/_next/static/chunks/1qz5_next_dist_client_0q01zog._.js:13422
[  735625ms] [ERROR] WebSocket connection to 'ws://localhost:3010/_next/webpack-hmr?id=Ijf5t55Z57SGBry5fh4Sr' failed: Error in connection establishment: net::ERR_CONNECTION_REFUSED @ http://localhost:3010/_next/static/chunks/1qz5_next_dist_client_0q01zog._.js:13422
[  736627ms] [ERROR] WebSocket connection to 'ws://localhost:3010/_next/webpack-hmr?id=Ijf5t55Z57SGBry5fh4Sr' failed: Error in connection establishment: net::ERR_CONNECTION_REFUSED @ http://localhost:3010/_next/static/chunks/1qz5_next_dist_client_0q01zog._.js:13422
[  737630ms] [ERROR] WebSocket connection to 'ws://localhost:3010/_next/webpack-hmr?id=Ijf5t55Z57SGBry5fh4Sr' failed: Error in connection establishment: net::ERR_CONNECTION_REFUSED @ http://localhost:3010/_next/static/chunks/1qz5_next_dist_client_0q01zog._.js:13422
[  738632ms] [ERROR] WebSocket connection to 'ws://localhost:3010/_next/webpack-hmr?id=Ijf5t55Z57SGBry5fh4Sr' failed: Error in connection establishment: net::ERR_CONNECTION_REFUSED @ http://localhost:3010/_next/static/chunks/1qz5_next_dist_client_0q01zog._.js:13422
[  743637ms] [ERROR] WebSocket connection to 'ws://localhost:3010/_next/webpack-hmr?id=Ijf5t55Z57SGBry5fh4Sr' failed: Error in connection establishment: net::ERR_CONNECTION_REFUSED @ http://localhost:3010/_next/static/chunks/1qz5_next_dist_client_0q01zog._.js:13422
[  748642ms] [ERROR] WebSocket connection to 'ws://localhost:3010/_next/webpack-hmr?id=Ijf5t55Z57SGBry5fh4Sr' failed: Error in connection establishment: net::ERR_CONNECTION_REFUSED @ http://localhost:3010/_next/static/chunks/1qz5_next_dist_client_0q01zog._.js:13422
[  753660ms] [ERROR] WebSocket connection to 'ws://localhost:3010/_next/webpack-hmr?id=Ijf5t55Z57SGBry5fh4Sr' failed: Error in connection establishment: net::ERR_CONNECTION_REFUSED @ http://localhost:3010/_next/static/chunks/1qz5_next_dist_client_0q01zog._.js:13422
[  758672ms] [ERROR] WebSocket connection to 'ws://localhost:3010/_next/webpack-hmr?id=Ijf5t55Z57SGBry5fh4Sr' failed: Error in connection establishment: net::ERR_CONNECTION_REFUSED @ http://localhost:3010/_next/static/chunks/1qz5_next_dist_client_0q01zog._.js:13422
[  763706ms] [ERROR] WebSocket connection to 'ws://localhost:3010/_next/webpack-hmr?id=Ijf5t55Z57SGBry5fh4Sr' failed: Error in connection establishment: net::ERR_CONNECTION_REFUSED @ http://localhost:3010/_next/static/chunks/1qz5_next_dist_client_0q01zog._.js:13422
[  768757ms] [ERROR] WebSocket connection to 'ws://localhost:3010/_next/webpack-hmr?id=Ijf5t55Z57SGBry5fh4Sr' failed: Error in connection establishment: net::ERR_CONNECTION_REFUSED @ http://localhost:3010/_next/static/chunks/1qz5_next_dist_client_0q01zog._.js:13422
[  773965ms] [ERROR] WebSocket connection to 'ws://localhost:3010/_next/webpack-hmr?id=Ijf5t55Z57SGBry5fh4Sr' failed: Error in connection establishment: net::ERR_CONNECTION_REFUSED @ http://localhost:3010/_next/static/chunks/1qz5_next_dist_client_0q01zog._.js:13422
